<?xml version="1.0" encoding="UTF-8"?>
<!-- Generated by org.testng.reporters.JUnitReportReporter -->
<testsuite hostname="LTIN302858" failures="0" tests="5" name="testCases.TS01_UpcomingBikes" time="12.716" errors="0" timestamp="2024-03-06T11:18:03 IST" skipped="0">
  <testcase classname="testCases.TS01_UpcomingBikes" name="TC01_newBikesHover" time="5.682"/>
  <system-out/>
  <testcase classname="testCases.TS01_UpcomingBikes" name="TC02_upComingBikesClick" time="0.950"/>
  <system-out/>
  <testcase classname="testCases.TS01_UpcomingBikes" name="TC03_selectManufacturer" time="1.158"/>
  <system-out/>
  <testcase classname="testCases.TS01_UpcomingBikes" name="TC04_viewMoreBikes" time="0.411"/>
  <system-out/>
  <testcase classname="testCases.TS01_UpcomingBikes" name="TC05_listOfBikes" time="4.515"/>
  <system-out/>
</testsuite> <!-- testCases.TS01_UpcomingBikes -->
