<?xml version="1.0" encoding="UTF-8"?>
<!-- Generated by org.testng.reporters.JUnitReportReporter -->
<testsuite hostname="LTIN302858" failures="0" tests="4" name="testCases.TS01_UpcomingBikes" time="15.929" errors="0" timestamp="2024-03-05T15:08:28 IST" skipped="0">
  <testcase classname="testCases.TS01_UpcomingBikes" name="TC01_newBikesHover" time="5.583"/>
  <system-out/>
  <testcase classname="testCases.TS01_UpcomingBikes" name="TC02_upComingBikesClick" time="3.533"/>
  <system-out/>
  <testcase classname="testCases.TS01_UpcomingBikes" name="TC03_selectManufacturer" time="2.138"/>
  <system-out/>
  <testcase classname="testCases.TS01_UpcomingBikes" name="TC04_viewMoreBikes" time="4.675"/>
  <system-out/>
</testsuite> <!-- testCases.TS01_UpcomingBikes -->
