<?xml version="1.0" encoding="UTF-8"?>
<!-- Generated by org.testng.reporters.JUnitReportReporter -->
<testsuite hostname="LTIN302858" failures="0" tests="1" name="testCases.TC01_GoogleSignIn" time="7.991" errors="0" timestamp="2024-02-21T10:11:18 IST" skipped="0">
  <testcase classname="testCases.TC01_GoogleSignIn" name="testGoogleSignIn" time="7.991"/>
  <system-out/>
</testsuite> <!-- testCases.TC01_GoogleSignIn -->
