<?xml version="1.0" encoding="UTF-8"?>
<!-- Generated by org.testng.reporters.JUnitReportReporter -->
<testsuite hostname="LTIN302858" failures="0" tests="3" name="testCases.TS03_GoogleSignIn" time="5.425" errors="0" timestamp="2024-03-05T15:08:28 IST" skipped="0">
  <testcase classname="testCases.TS03_GoogleSignIn" name="TC07_clickSignIn" time="0.361"/>
  <system-out/>
  <testcase classname="testCases.TS03_GoogleSignIn" name="TC08_googleSignIn" time="0.194"/>
  <system-out/>
  <testcase classname="testCases.TS03_GoogleSignIn" name="TC09_captureErrorMessage" time="4.870"/>
  <system-out/>
</testsuite> <!-- testCases.TS03_GoogleSignIn -->
