<?xml version="1.0" encoding="UTF-8"?>
<!-- Generated by org.testng.reporters.JUnitReportReporter -->
<testsuite hostname="LTIN302858" failures="0" tests="3" name="testCases.TS02_UsedCars" time="20.706" errors="0" timestamp="2024-03-14T11:35:37 IST" skipped="0">
  <testcase classname="testCases.TS02_UsedCars" name="TC06_usedCars" time="5.632"/>
  <system-out/>
  <testcase classname="testCases.TS02_UsedCars" name="TC07_usedCarsChennai" time="9.294"/>
  <system-out/>
  <testcase classname="testCases.TS02_UsedCars" name="TC08_popularModels" time="5.780"/>
  <system-out/>
</testsuite> <!-- testCases.TS02_UsedCars -->
