<?xml version="1.0" encoding="UTF-8"?>
<!-- Generated by org.testng.reporters.JUnitReportReporter -->
<testsuite hostname="LTIN302858" failures="0" tests="5" name="testCases.TS01_UpcomingBikes" time="13.352" errors="0" timestamp="2024-03-14T11:35:37 IST" skipped="0">
  <testcase classname="testCases.TS01_UpcomingBikes" name="TC01_newBikesHover" time="5.617"/>
  <system-out/>
  <testcase classname="testCases.TS01_UpcomingBikes" name="TC02_upComingBikesClick" time="0.833"/>
  <system-out/>
  <testcase classname="testCases.TS01_UpcomingBikes" name="TC03_selectManufacturer" time="2.449"/>
  <system-out/>
  <testcase classname="testCases.TS01_UpcomingBikes" name="TC04_viewMoreBikes" time="0.306"/>
  <system-out/>
  <testcase classname="testCases.TS01_UpcomingBikes" name="TC05_listOfBikes" time="4.147"/>
  <system-out/>
</testsuite> <!-- testCases.TS01_UpcomingBikes -->
