<?xml version="1.0" encoding="UTF-8"?>
<!-- Generated by org.testng.reporters.JUnitReportReporter -->
<testsuite hostname="LTIN302858" failures="0" tests="3" name="testCases.Regressiontest" time="45.709" errors="0" timestamp="2024-02-29T15:00:41 IST" skipped="0">
  <testcase classname="testCases.Regressiontest" name="testGoogleSignIn" time="8.264"/>
  <system-out/>
  <testcase classname="testCases.Regressiontest" name="upcomingBikes" time="10.218"/>
  <system-out/>
  <testcase classname="testCases.Regressiontest" name="usedCars" time="27.227"/>
  <system-out/>
</testsuite> <!-- testCases.Regressiontest -->
