<?xml version="1.0" encoding="UTF-8"?>
<!-- Generated by org.testng.reporters.JUnitReportReporter -->
<testsuite hostname="LTIN302858" failures="0" tests="3" name="testCases.Regressiontest" time="130.227" errors="0" timestamp="2024-03-04T16:54:44 IST" skipped="0">
  <testcase classname="testCases.Regressiontest" name="testGoogleSignIn" time="12.661"/>
  <system-out/>
  <testcase classname="testCases.Regressiontest" name="upcomingBikes" time="8.044"/>
  <system-out/>
  <testcase classname="testCases.Regressiontest" name="usedCars" time="109.522"/>
  <system-out/>
</testsuite> <!-- testCases.Regressiontest -->
