<?xml version="1.0" encoding="UTF-8"?>
<!-- Generated by org.testng.reporters.JUnitReportReporter -->
<testsuite hostname="LTIN302858" failures="0" tests="2" name="testCases.TS02_UsedCars" time="24.891" errors="0" timestamp="2024-03-05T15:08:28 IST" skipped="0">
  <testcase classname="testCases.TS02_UsedCars" name="TC05_usedCars" time="10.509"/>
  <system-out/>
  <testcase classname="testCases.TS02_UsedCars" name="TC06_usedCarsChennai" time="14.382"/>
  <system-out/>
</testsuite> <!-- testCases.TS02_UsedCars -->
