<?xml version="1.0" encoding="UTF-8"?>
<!-- Generated by org.testng.reporters.JUnitReportReporter -->
<testsuite hostname="LTIN302858" failures="0" tests="5" name="testCases.TS01_UpcomingBikes" time="48.103" errors="0" timestamp="2024-03-06T10:53:43 IST" skipped="0">
  <testcase classname="testCases.TS01_UpcomingBikes" name="TC01_newBikesHover" time="5.738"/>
  <system-out/>
  <testcase classname="testCases.TS01_UpcomingBikes" name="TC02_upComingBikesClick" time="35.920"/>
  <system-out/>
  <testcase classname="testCases.TS01_UpcomingBikes" name="TC03_selectManufacturer" time="1.585"/>
  <system-out/>
  <testcase classname="testCases.TS01_UpcomingBikes" name="TC04_viewMoreBikes" time="0.496"/>
  <system-out/>
  <testcase classname="testCases.TS01_UpcomingBikes" name="TC05_listOfBikes" time="4.364"/>
  <system-out/>
</testsuite> <!-- testCases.TS01_UpcomingBikes -->
