<?xml version="1.0" encoding="UTF-8"?>
<!-- Generated by org.testng.reporters.JUnitReportReporter -->
<testsuite hostname="LTIN302858" failures="0" tests="4" name="testCases.TS03_GoogleSignIn" time="19.243" errors="0" timestamp="2024-03-06T11:18:03 IST" skipped="0">
  <testcase classname="testCases.TS03_GoogleSignIn" name="TC09_clickSignIn" time="0.267"/>
  <system-out/>
  <testcase classname="testCases.TS03_GoogleSignIn" name="TC10_googleSignIn" time="0.202"/>
  <system-out/>
  <testcase classname="testCases.TS03_GoogleSignIn" name="TC11_captureErrorMessage" time="18.551"/>
  <system-out/>
  <testcase classname="testCases.TS03_GoogleSignIn" name="TC12_closepopup" time="0.223"/>
  <system-out/>
</testsuite> <!-- testCases.TS03_GoogleSignIn -->
