<?xml version="1.0" encoding="UTF-8"?>
<!-- Generated by org.testng.reporters.JUnitReportReporter -->
<testsuite hostname="LTIN302858" failures="0" tests="3" name="testCases.TS02_UsedCars" time="26.864" errors="0" timestamp="2024-03-06T11:18:03 IST" skipped="0">
  <testcase classname="testCases.TS02_UsedCars" name="TC06_usedCars" time="10.597"/>
  <system-out/>
  <testcase classname="testCases.TS02_UsedCars" name="TC07_usedCarsChennai" time="10.516"/>
  <system-out/>
  <testcase classname="testCases.TS02_UsedCars" name="TC08_popularModels" time="5.751"/>
  <system-out/>
</testsuite> <!-- testCases.TS02_UsedCars -->
