<?xml version="1.0" encoding="UTF-8"?>
<!-- Generated by org.testng.reporters.JUnitReportReporter -->
<testsuite hostname="LTIN302858" failures="0" tests="4" name="testCases.TS03_GoogleSignIn" time="20.492" errors="0" timestamp="2024-03-06T10:53:43 IST" skipped="0">
  <testcase classname="testCases.TS03_GoogleSignIn" name="TC09_clickSignIn" time="0.559"/>
  <system-out/>
  <testcase classname="testCases.TS03_GoogleSignIn" name="TC10_googleSignIn" time="0.346"/>
  <system-out/>
  <testcase classname="testCases.TS03_GoogleSignIn" name="TC11_captureErrorMessage" time="19.357"/>
  <system-out/>
  <testcase classname="testCases.TS03_GoogleSignIn" name="TC12_closepopup" time="0.230"/>
  <system-out/>
</testsuite> <!-- testCases.TS03_GoogleSignIn -->
