<?xml version="1.0" encoding="UTF-8"?>
<!-- Generated by org.testng.reporters.JUnitReportReporter -->
<testsuite hostname="LTIN302858" failures="0" tests="3" name="testCases.Regressiontest" time="55.590" errors="0" timestamp="2024-02-29T18:04:18 IST" skipped="0">
  <testcase classname="testCases.Regressiontest" name="testGoogleSignIn" time="23.963"/>
  <testcase classname="testCases.Regressiontest" name="upcomingBikes" time="7.530"/>
  <testcase classname="testCases.Regressiontest" name="usedCars" time="24.097"/>
</testsuite> <!-- testCases.Regressiontest -->
